#
# A fatal error has been detected by the Java Runtime Environment:
#
#  EXCEPTION_ACCESS_VIOLATION (0xc0000005) at pc=0x00007ffd8359c5c8, pid=15212, tid=10340
#
# JRE version: OpenJDK Runtime Environment Temurin-17.0.13+11 (17.0.13+11) (build 17.0.13+11)
# Java VM: OpenJDK 64-Bit Server VM Temurin-17.0.13+11 (17.0.13+11, mixed mode, tiered, compressed oops, compressed class ptrs, parallel gc, windows-amd64)
# Problematic frame:
# V  [jvm.dll+0xc5c8]
#
# No core dump will be written. Minidumps are not enabled by default on client versions of Windows
#
# If you would like to submit a bug report, please visit:
#   https://github.com/adoptium/adoptium-support/issues
#

---------------  S U M M A R Y ------------

Command Line: --add-modules=ALL-SYSTEM --add-opens=java.base/java.util=ALL-UNNAMED --add-opens=java.base/java.lang=ALL-UNNAMED --add-opens=java.base/sun.nio.fs=ALL-UNNAMED -Declipse.application=org.eclipse.jdt.ls.core.id1 -Dosgi.bundles.defaultStartLevel=4 -Declipse.product=org.eclipse.jdt.ls.core.product -Djava.import.generatesMetadataFilesAtProjectRoot=false -DDetectVMInstallationsJob.disabled=true -Dfile.encoding=utf8 -XX:+UseParallelGC -XX:GCTimeRatio=4 -XX:AdaptiveSizePolicyWeight=90 -Dsun.zip.disableMemoryMapping=true -Xmx1G -Xms100m -Xlog:disable -javaagent:c:\Users\Mirado\.vscode\extensions\redhat.java-1.38.0-win32-x64\lombok\lombok-1.18.34.jar -XX:+HeapDumpOnOutOfMemoryError -XX:HeapDumpPath=c:\Users\Mirado\AppData\Roaming\Code\User\workspaceStorage\eafd14252731021238e37bbb081f23dd\redhat.java -Daether.dependencyCollector.impl=bf c:\Users\Mirado\.vscode\extensions\redhat.java-1.38.0-win32-x64\server\plugins\org.eclipse.equinox.launcher_1.6.900.v20240613-2009.jar -configuration c:\Users\Mirado\AppData\Roaming\Code\User\globalStorage\redhat.java\1.38.0\config_win -data c:\Users\Mirado\AppData\Roaming\Code\User\workspaceStorage\eafd14252731021238e37bbb081f23dd\redhat.java\jdt_ws --pipe=\\.\pipe\lsp-2a35e7437dcea622ab932e4d9400d2ff-sock

Host: Intel(R) Core(TM) i5-4200H CPU @ 2.80GHz, 4 cores, 7G,  Windows 10 , 64 bit Build 19041 (10.0.19041.5198)
Time: Wed Jan 22 16:18:08 2025 Russie TZ 2 elapsed time: 8102.624097 seconds (0d 2h 15m 2s)

---------------  T H R E A D  ---------------

Current thread (0x00000279805e6710):  GCTaskThread "GC Thread#2" [stack: 0x000000aadbc00000,0x000000aadbd00000] [id=10340]

Stack: [0x000000aadbc00000,0x000000aadbd00000],  sp=0x000000aadbcff928,  free space=1022k
Native frames: (J=compiled Java code, j=interpreted, Vv=VM code, C=native code)
V  [jvm.dll+0xc5c8]


siginfo: EXCEPTION_ACCESS_VIOLATION (0xc0000005), reading address 0x0000000755ab0688


Registers:
RAX=0x0000000000000001, RBX=0x00000000c262a340, RCX=0x0000000000000003, RDX=0x00000000c262a340
RSP=0x000000aadbcff928, RBP=0x000000aadbcffa20, RSI=0x00000000c262a340, RDI=0x00000279e660e130
R8 =0x0000000755ab0680, R9 =0x0000000000013151, R10=0x0000000000000052, R11=0x0000000000000003
R12=0x00007ffd840c5840, R13=0x0000000000000000, R14=0x0000000100041df0, R15=0x00000000c262a328
RIP=0x00007ffd8359c5c8, EFLAGS=0x0000000000010202


Register to memory mapping:

RIP=0x00007ffd8359c5c8 jvm.dll
RAX=0x0000000000000001 is an unknown value
RBX=
[error occurred during error reporting (printing register info), id 0xc0000005, EXCEPTION_ACCESS_VIOLATION (0xc0000005) at pc=0x00007ffd83c1f136]

Top of Stack: (sp=0x000000aadbcff928)
0x000000aadbcff928:   00007ffd83c46f52 00000000c262a308
0x000000aadbcff938:   0000000000000004 000000aadbcffa20
0x000000aadbcff948:   00007ffd83c45c49 00000279e660e130
0x000000aadbcff958:   00007ffd83c44702 00000000c262a340
0x000000aadbcff968:   00007ffd83c46f7d 00000000c262a2b8
0x000000aadbcff978:   0000000000000003 0000000100041de8
0x000000aadbcff988:   00007ffd83c44f7e 00000000c262a33c
0x000000aadbcff998:   00007ffd83c46494 00000000c262a2b0
0x000000aadbcff9a8:   00007ffd840c5840 00007ffd83eb0b90
0x000000aadbcff9b8:   00007ffd83f46448 0000000000001716
0x000000aadbcff9c8:   00007ffd83c467a4 0000000000000010
0x000000aadbcff9d8:   00000279e660e130 000000000000000c
0x000000aadbcff9e8:   00007ffd83c46f7d 00000000c216c368
0x000000aadbcff9f8:   0000000000000007 000000aadbcffac0
0x000000aadbcffa08:   00007ffd83c45c49 00000279e660e130
0x000000aadbcffa18:   00007ffd83c44711 00007ffd83f46448
0x000000aadbcffa28:   00000279e6590500 0000000000000003
0x000000aadbcffa38:   00000279e660e130 0000000000000000
0x000000aadbcffa48:   0000000000000000 000000aadadfeb38
0x000000aadbcffa58:   0000000000000000 00007ffd83f46448
0x000000aadbcffa68:   0000000000000010 00000000c5415168
0x000000aadbcffa78:   00000279e660e130 00000000c541cbc8
0x000000aadbcffa88:   00007ffd83c4da91 00000279e660e130
0x000000aadbcffa98:   0001591c0000170f 00000000c541cbc8
0x000000aadbcffaa8:   00007ffd840c5840 00000000c5418d78
0x000000aadbcffab8:   00007ffd00000800 00007ffd83f46448
0x000000aadbcffac8:   00000279e6590500 0000000000000003
0x000000aadbcffad8:   00000279e660e130 0000000000000020
0x000000aadbcffae8:   00000279fa3ce6c0 000000aadadfeaf8
0x000000aadbcffaf8:   000000aadadfe9f0 0000000000000000
0x000000aadbcffb08:   00007ffd83c4eb0a 0000000000000005
0x000000aadbcffb18:   000000aadbcffb90 00000000c21b7a10 

Instructions: (pc=0x00007ffd8359c5c8)
0x00007ffd8359c4c8:   cc cc cc cc cc cc cc cc 48 8b 01 c3 cc cc cc cc
0x00007ffd8359c4d8:   cc cc cc cc cc cc cc cc 4c 8b 01 4c 8b c9 48 8b
0x00007ffd8359c4e8:   0d e3 f6 b6 00 ba 44 60 08 00 e9 a9 f1 ff ff cc
0x00007ffd8359c4f8:   cc cc cc cc cc cc cc cc 48 89 5c 24 08 57 48 83
0x00007ffd8359c508:   ec 20 48 8b 39 48 8b d9 48 85 3d 71 e4 bb 00 75
0x00007ffd8359c518:   0e 48 8b c7 48 8b 5c 24 30 48 83 c4 20 5f c3 48
0x00007ffd8359c528:   8b cf e8 91 ea 85 00 48 8b d0 48 85 c0 74 20 48
0x00007ffd8359c538:   8b c7 f0 48 0f b1 13 74 16 48 85 05 40 e4 bb 00
0x00007ffd8359c548:   74 0d 48 8b c8 f0 48 0f b1 13 48 3b c1 75 ea 48
0x00007ffd8359c558:   8b 5c 24 30 48 8b c2 48 83 c4 20 5f c3 cc cc cc
0x00007ffd8359c568:   cc cc cc cc cc cc cc cc 4c 8b 01 4c 8b c9 48 8b
0x00007ffd8359c578:   0d 53 f6 b6 00 ba 64 60 08 00 e9 19 f1 ff ff cc
0x00007ffd8359c588:   cc cc cc cc cc cc cc cc 8b 05 72 3d b1 00 c3 cc
0x00007ffd8359c598:   cc cc cc cc cc cc cc cc 0f b6 05 f1 fe b7 00 48
0x00007ffd8359c5a8:   8b d1 84 c0 74 16 44 8b 41 08 8b 0d 50 3d b1 00
0x00007ffd8359c5b8:   49 d3 e0 4c 03 05 3e 3d b1 00 eb 04 4c 8b 41 08
0x00007ffd8359c5c8:   45 8b 48 08 45 85 c9 7e 0e 41 f6 c1 01 75 53 41
0x00007ffd8359c5d8:   c1 f9 03 41 8b c1 c3 79 49 84 c0 41 b8 0c 00 00
0x00007ffd8359c5e8:   00 8b 05 55 4c b1 00 b9 10 00 00 00 41 0f 45 c8
0x00007ffd8359c5f8:   ff c8 48 98 48 63 14 11 41 8b c9 83 e1 3f 48 d3
0x00007ffd8359c608:   e2 41 8b c9 48 c1 f9 10 44 0f b6 c1 48 8d 0c 10
0x00007ffd8359c618:   48 f7 d0 4c 03 c1 48 c1 e8 03 49 c1 e8 03 41 23
0x00007ffd8359c628:   c0 c3 49 8b 00 49 8b c8 48 ff a0 00 01 00 00 cc
0x00007ffd8359c638:   cc cc cc cc cc cc cc cc 8b 44 24 30 45 03 c9 44
0x00007ffd8359c648:   2b 4c 24 28 83 c0 0b 44 03 ca 45 03 c8 41 03 c1
0x00007ffd8359c658:   c3 cc cc cc cc cc cc cc 4c 8b ca 48 8b d1 45 8b
0x00007ffd8359c668:   41 08 45 85 c0 7e 0e 41 f6 c0 01 75 56 41 c1 f8
0x00007ffd8359c678:   03 41 8b c0 c3 79 4c 80 3d 12 fe b7 00 00 b8 0c
0x00007ffd8359c688:   00 00 00 b9 10 00 00 00 0f 45 c8 8b 05 ab 4b b1
0x00007ffd8359c698:   00 ff c8 48 98 48 63 14 11 41 8b c8 83 e1 3f 48
0x00007ffd8359c6a8:   d3 e2 41 8b c8 48 c1 f9 10 44 0f b6 c1 48 8d 0c
0x00007ffd8359c6b8:   10 48 f7 d0 4c 03 c1 48 c1 e8 03 49 c1 e8 03 41 


Stack slot to memory mapping:
stack at sp + 0 slots: 0x00007ffd83c46f52 jvm.dll
stack at sp + 1 slots: 0x00000000c262a308 is an oop: [B 
{0x00000000c262a308} - klass: {type array byte}
 - length: 12
stack at sp + 2 slots: 0x0000000000000004 is an unknown value
stack at sp + 3 slots: 0x000000aadbcffa20 points into unknown readable memory: 0x00007ffd83f46448 | 48 64 f4 83 fd 7f 00 00
stack at sp + 4 slots: 0x00007ffd83c45c49 jvm.dll
stack at sp + 5 slots: 0x00000279e660e130 points into unknown readable memory: 0x00000279e663d990 | 90 d9 63 e6 79 02 00 00
stack at sp + 6 slots: 0x00007ffd83c44702 jvm.dll
stack at sp + 7 slots: 
[error occurred during error reporting (inspecting top of stack), id 0xc0000005, EXCEPTION_ACCESS_VIOLATION (0xc0000005) at pc=0x00007ffd83c1f136]


---------------  P R O C E S S  ---------------

Threads class SMR info:
_java_thread_list=0x0000027980fdb220, length=43, elements={
0x00000279e65839c0, 0x00000279fa3c4750, 0x00000279fa3c5f00, 0x00000279fa3ed140,
0x00000279fa3eded0, 0x00000279fa3f1410, 0x00000279fa3f69b0, 0x00000279fa3fbaa0,
0x00000279fa3fcc00, 0x00000279fa3fdcf0, 0x00000279ff62ea90, 0x00000279ff7dd9f0,
0x000002798082ef80, 0x00000279802f5d50, 0x00000279802f0e60, 0x0000027980624ff0,
0x00000279802e9ee0, 0x0000027980e9a230, 0x0000027980e983d0, 0x0000027980e988e0,
0x0000027980e99d20, 0x0000027980e9b670, 0x0000027980e9b160, 0x0000027980e9a740,
0x0000027980e97ec0, 0x000002798318c490, 0x0000027983191fb0, 0x000002798318dde0,
0x000002798318e800, 0x000002798318fc40, 0x000002798318d8d0, 0x0000027980e99300,
0x0000027984556f30, 0x00000279845597b0, 0x00000279845592a0, 0x0000027984557950,
0x0000027984559cc0, 0x0000027984557e60, 0x0000027984556510, 0x0000027984554bc0,
0x0000027984556000, 0x0000027984558d90, 0x000002798455a1d0
}

Java Threads: ( => current thread )
  0x00000279e65839c0 JavaThread "main" [_thread_blocked, id=14040, stack(0x000000aadab00000,0x000000aadac00000)]
  0x00000279fa3c4750 JavaThread "Reference Handler" daemon [_thread_blocked, id=8848, stack(0x000000aadae00000,0x000000aadaf00000)]
  0x00000279fa3c5f00 JavaThread "Finalizer" daemon [_thread_blocked, id=1144, stack(0x000000aadaf00000,0x000000aadb000000)]
  0x00000279fa3ed140 JavaThread "Signal Dispatcher" daemon [_thread_blocked, id=14560, stack(0x000000aadb100000,0x000000aadb200000)]
  0x00000279fa3eded0 JavaThread "Attach Listener" daemon [_thread_blocked, id=11160, stack(0x000000aadb200000,0x000000aadb300000)]
  0x00000279fa3f1410 JavaThread "Service Thread" daemon [_thread_blocked, id=13548, stack(0x000000aadb300000,0x000000aadb400000)]
  0x00000279fa3f69b0 JavaThread "Monitor Deflation Thread" daemon [_thread_blocked, id=9948, stack(0x000000aadb400000,0x000000aadb500000)]
  0x00000279fa3fbaa0 JavaThread "C2 CompilerThread0" daemon [_thread_blocked, id=8296, stack(0x000000aadb500000,0x000000aadb600000)]
  0x00000279fa3fcc00 JavaThread "C1 CompilerThread0" daemon [_thread_blocked, id=5892, stack(0x000000aadb600000,0x000000aadb700000)]
  0x00000279fa3fdcf0 JavaThread "Sweeper thread" daemon [_thread_blocked, id=9508, stack(0x000000aadb700000,0x000000aadb800000)]
  0x00000279ff62ea90 JavaThread "Common-Cleaner" daemon [_thread_blocked, id=5320, stack(0x000000aadb800000,0x000000aadb900000)]
  0x00000279ff7dd9f0 JavaThread "Notification Thread" daemon [_thread_blocked, id=14592, stack(0x000000aadb900000,0x000000aadba00000)]
  0x000002798082ef80 JavaThread "Active Thread: Equinox Container: 00b5524c-e66b-4dd3-8939-e1b9d48523d6" [_thread_blocked, id=3260, stack(0x000000aadbf00000,0x000000aadc000000)]
  0x00000279802f5d50 JavaThread "Refresh Thread: Equinox Container: 00b5524c-e66b-4dd3-8939-e1b9d48523d6" daemon [_thread_blocked, id=5604, stack(0x000000aadbe00000,0x000000aadbf00000)]
  0x00000279802f0e60 JavaThread "Framework Event Dispatcher: Equinox Container: 00b5524c-e66b-4dd3-8939-e1b9d48523d6" daemon [_thread_blocked, id=11516, stack(0x000000aadc000000,0x000000aadc100000)]
  0x0000027980624ff0 JavaThread "Start Level: Equinox Container: 00b5524c-e66b-4dd3-8939-e1b9d48523d6" daemon [_thread_blocked, id=10836, stack(0x000000aadc100000,0x000000aadc200000)]
  0x00000279802e9ee0 JavaThread "Bundle File Closer" daemon [_thread_blocked, id=4776, stack(0x000000aadc300000,0x000000aadc400000)]
  0x0000027980e9a230 JavaThread "SCR Component Actor" daemon [_thread_blocked, id=9544, stack(0x000000aadc200000,0x000000aadc300000)]
  0x0000027980e983d0 JavaThread "Worker-JM" [_thread_blocked, id=13668, stack(0x000000aadc400000,0x000000aadc500000)]
  0x0000027980e988e0 JavaThread "JNA Cleaner" daemon [_thread_blocked, id=8732, stack(0x000000aadc600000,0x000000aadc700000)]
  0x0000027980e99d20 JavaThread "Java indexing" daemon [_thread_blocked, id=1164, stack(0x000000aadc500000,0x000000aadc600000)]
  0x0000027980e9b670 JavaThread "Thread-2" daemon [_thread_in_native, id=6952, stack(0x000000aadcd00000,0x000000aadce00000)]
  0x0000027980e9b160 JavaThread "Thread-3" daemon [_thread_in_native, id=13072, stack(0x000000aadce00000,0x000000aadcf00000)]
  0x0000027980e9a740 JavaThread "Thread-4" daemon [_thread_in_native, id=6992, stack(0x000000aadcf00000,0x000000aadd000000)]
  0x0000027980e97ec0 JavaThread "Thread-5" daemon [_thread_in_native, id=3140, stack(0x000000aadd000000,0x000000aadd100000)]
  0x000002798318c490 JavaThread "Thread-6" daemon [_thread_blocked, id=3740, stack(0x000000aadd100000,0x000000aadd200000)]
  0x0000027983191fb0 JavaThread "pool-2-thread-1" [_thread_blocked, id=2336, stack(0x000000aadd200000,0x000000aadd300000)]
  0x000002798318dde0 JavaThread "WorkspaceEventsHandler" [_thread_blocked, id=6464, stack(0x000000aadd300000,0x000000aadd400000)]
  0x000002798318e800 JavaThread "pool-1-thread-1" [_thread_blocked, id=2964, stack(0x000000aadd400000,0x000000aadd500000)]
  0x000002798318fc40 JavaThread "Cleaner-0" daemon [_thread_blocked, id=10784, stack(0x000000aadc900000,0x000000aadca00000)]
  0x000002798318d8d0 JavaThread "Worker-10" [_thread_blocked, id=8, stack(0x000000aadd700000,0x000000aadd800000)]
  0x0000027980e99300 JavaThread "Worker-11" [_thread_blocked, id=2220, stack(0x000000aadcc00000,0x000000aadcd00000)]
  0x0000027984556f30 JavaThread "HttpClient-2-SelectorManager" daemon [_thread_in_native, id=10676, stack(0x000000aadd900000,0x000000aadda00000)]
  0x00000279845597b0 JavaThread "ForkJoinPool.commonPool-worker-48" daemon [_thread_blocked, id=12564, stack(0x000000aada900000,0x000000aadaa00000)]
  0x00000279845592a0 JavaThread "ForkJoinPool.commonPool-worker-49" daemon [_thread_blocked, id=10252, stack(0x000000aadaa00000,0x000000aadab00000)]
  0x0000027984557950 JavaThread "ForkJoinPool.commonPool-worker-50" daemon [_thread_blocked, id=13060, stack(0x000000aadb000000,0x000000aadb100000)]
  0x0000027984559cc0 JavaThread "ForkJoinPool.commonPool-worker-51" daemon [_thread_blocked, id=1704, stack(0x000000aadc700000,0x000000aadc800000)]
  0x0000027984557e60 JavaThread "ForkJoinPool.commonPool-worker-52" daemon [_thread_blocked, id=2988, stack(0x000000aadc800000,0x000000aadc900000)]
  0x0000027984556510 JavaThread "ForkJoinPool.commonPool-worker-53" daemon [_thread_blocked, id=9716, stack(0x000000aadca00000,0x000000aadcb00000)]
  0x0000027984554bc0 JavaThread "ForkJoinPool.commonPool-worker-54" daemon [_thread_blocked, id=1200, stack(0x000000aadcb00000,0x000000aadcc00000)]
  0x0000027984556000 JavaThread "ForkJoinPool.commonPool-worker-55" daemon [_thread_blocked, id=13708, stack(0x000000aadd500000,0x000000aadd600000)]
  0x0000027984558d90 JavaThread "ForkJoinPool.commonPool-worker-56" daemon [_thread_blocked, id=15688, stack(0x000000aadd600000,0x000000aadd700000)]
  0x000002798455a1d0 JavaThread "Worker-13" [_thread_blocked, id=10372, stack(0x000000aadd800000,0x000000aadd900000)]

Other Threads:
  0x00000279e663ea90 VMThread "VM Thread" [stack: 0x000000aadad00000,0x000000aadae00000] [id=14244]
  0x00000279ff8449b0 WatcherThread [stack: 0x000000aadba00000,0x000000aadbb00000] [id=13676]
  0x00000279e6599cd0 GCTaskThread "GC Thread#0" [stack: 0x000000aadac00000,0x000000aadad00000] [id=10032]
  0x00000279805e6040 GCTaskThread "GC Thread#1" [stack: 0x000000aadbb00000,0x000000aadbc00000] [id=1000]
=>0x00000279805e6710 GCTaskThread "GC Thread#2" [stack: 0x000000aadbc00000,0x000000aadbd00000] [id=10340]
  0x00000279ff96deb0 GCTaskThread "GC Thread#3" [stack: 0x000000aadbd00000,0x000000aadbe00000] [id=15348]

Threads with active compile tasks:

VM state: at safepoint (normal execution)

VM Mutex/Monitor currently owned by a thread:  ([mutex/lock_event])
[0x00000279e6580980] Threads_lock - owner thread: 0x00000279e663ea90
[0x00000279e657fb70] Heap_lock - owner thread: 0x0000027980e99d20

Heap address: 0x00000000c0000000, size: 1024 MB, Compressed Oops mode: 32-bit

CDS archive(s) not mapped
Compressed class space mapped at: 0x0000000100000000-0x0000000140000000, reserved size: 1073741824
Narrow klass base: 0x0000000000000000, Narrow klass shift: 3, Narrow klass range: 0x140000000

GC Precious Log:
 CPUs: 4 total, 4 available
 Memory: 8080M
 Large Page Support: Disabled
 NUMA Support: Disabled
 Compressed Oops: Enabled (32-bit)
 Alignments: Space 512K, Generation 512K, Heap 2M
 Heap Min Capacity: 100M
 Heap Initial Capacity: 100M
 Heap Max Capacity: 1G
 Pre-touch: Disabled
 Parallel Workers: 4

Heap:
 PSYoungGen      total 10752K, used 10728K [0x00000000eab00000, 0x00000000ec980000, 0x0000000100000000)
  eden space 9728K, 100% used [0x00000000eab00000,0x00000000eb480000,0x00000000eb480000)
  from space 1024K, 97% used [0x00000000eb680000,0x00000000eb77a030,0x00000000eb780000)
  to   space 10752K, 0% used [0x00000000ebf00000,0x00000000ebf00000,0x00000000ec980000)
 ParOldGen       total 123904K, used 116175K [0x00000000c0000000, 0x00000000c7900000, 0x00000000eab00000)
  object space 123904K, 93% used [0x00000000c0000000,0x00000000c7173e28,0x00000000c7900000)
 Metaspace       used 94076K, committed 95296K, reserved 1179648K
  class space    used 9345K, committed 9856K, reserved 1048576K

Card table byte_map: [0x00000279e5f20000,0x00000279e6130000] _byte_map_base: 0x00000279e5920000

Marking Bits: (ParMarkBitMap*) 0x00007ffd84136940
 Begin Bits: [0x00000279f8220000, 0x00000279f9220000)
 End Bits:   [0x00000279f9220000, 0x00000279fa220000)

Polling page: 0x00000279e43e0000

Metaspace:

Usage:
  Non-class:     82.74 MB used.
      Class:      9.13 MB used.
       Both:     91.87 MB used.

Virtual space:
  Non-class space:      128.00 MB reserved,      83.44 MB ( 65%) committed,  2 nodes.
      Class space:        1.00 GB reserved,       9.62 MB ( <1%) committed,  1 nodes.
             Both:        1.12 GB reserved,      93.06 MB (  8%) committed. 

Chunk freelists:
   Non-Class:  12.39 MB
       Class:  6.41 MB
        Both:  18.80 MB

MaxMetaspaceSize: unlimited
CompressedClassSpaceSize: 1.00 GB
Initial GC threshold: 21.00 MB
Current GC threshold: 152.94 MB
CDS: off
MetaspaceReclaimPolicy: balanced
 - commit_granule_bytes: 65536.
 - commit_granule_words: 8192.
 - virtual_space_node_default_size: 8388608.
 - enlarge_chunks_in_place: 1.
 - new_chunks_are_fully_committed: 0.
 - uncommit_free_chunks: 1.
 - use_allocation_guard: 0.
 - handle_deallocations: 1.


Internal statistics:

num_allocs_failed_limit: 6.
num_arena_births: 1154.
num_arena_deaths: 372.
num_vsnodes_births: 3.
num_vsnodes_deaths: 0.
num_space_committed: 1489.
num_space_uncommitted: 0.
num_chunks_returned_to_freelist: 446.
num_chunks_taken_from_freelist: 5177.
num_chunk_merges: 138.
num_chunk_splits: 3103.
num_chunks_enlarged: 1839.
num_inconsistent_stats: 0.

CodeHeap 'non-profiled nmethods': size=120000Kb used=18096Kb max_used=19072Kb free=101903Kb
 bounds [0x00000279f0cf0000, 0x00000279f1f90000, 0x00000279f8220000]
CodeHeap 'profiled nmethods': size=120000Kb used=38910Kb max_used=39653Kb free=81089Kb
 bounds [0x00000279e9220000, 0x00000279eb8e0000, 0x00000279f0750000]
CodeHeap 'non-nmethods': size=5760Kb used=1452Kb max_used=1580Kb free=4307Kb
 bounds [0x00000279f0750000, 0x00000279f09c0000, 0x00000279f0cf0000]
 total_blobs=17645 nmethods=16842 adapters=711
 compilation: enabled
              stopped_count=0, restarted_count=0
 full_count=0

Compilation events (20 events):
Event: 8102.274 Thread 0x00000279fa3fbaa0 22961       4       org.eclipse.jdt.internal.core.CompilationUnitStructureRequestor::resolveDuplicates (151 bytes)
Event: 8102.274 Thread 0x00000279fa3fcc00 22962       3       org.eclipse.jdt.internal.core.CompilationUnitStructureRequestor::enterMethod (141 bytes)
Event: 8102.279 Thread 0x00000279fa3fcc00 nmethod 22962 0x00000279e9439090 code [0x00000279e9439420, 0x00000279e943b0e8]
Event: 8102.279 Thread 0x00000279fa3fcc00 22964       3       org.eclipse.core.runtime.SubMonitor$RootInfo::reportTrivialOperation (29 bytes)
Event: 8102.279 Thread 0x00000279fa3fcc00 nmethod 22964 0x00000279ea037810 code [0x00000279ea0379e0, 0x00000279ea037d38]
Event: 8102.279 Thread 0x00000279fa3fcc00 22963       3       java.util.HashMap$Values::size (8 bytes)
Event: 8102.279 Thread 0x00000279fa3fcc00 nmethod 22963 0x00000279ea3e5e90 code [0x00000279ea3e6020, 0x00000279ea3e6138]
Event: 8102.281 Thread 0x00000279fa3fcc00 22965       1       org.eclipse.core.internal.resources.Workspace::getContentDescriptionManager (5 bytes)
Event: 8102.282 Thread 0x00000279fa3fcc00 nmethod 22965 0x00000279f0d06110 code [0x00000279f0d062a0, 0x00000279f0d06378]
Event: 8102.282 Thread 0x00000279fa3fcc00 22966       1       org.eclipse.core.internal.content.ContentType::getDefaultDescription (5 bytes)
Event: 8102.282 Thread 0x00000279fa3fcc00 nmethod 22966 0x00000279f19bf510 code [0x00000279f19bf6a0, 0x00000279f19bf778]
Event: 8102.283 Thread 0x00000279fa3fcc00 22967       3       org.eclipse.core.internal.content.ContentTypeHandler::<init> (30 bytes)
Event: 8102.284 Thread 0x00000279fa3fcc00 nmethod 22967 0x00000279ea398c10 code [0x00000279ea398de0, 0x00000279ea3991f8]
Event: 8102.287 Thread 0x00000279fa3fcc00 22969       3       org.eclipse.jdt.internal.core.CompilationUnitStructureRequestor::convertTypeNamesToSigs (52 bytes)
Event: 8102.287 Thread 0x00000279fa3fcc00 nmethod 22969 0x00000279e9956110 code [0x00000279e9956300, 0x00000279e9956908]
Event: 8102.287 Thread 0x00000279fa3fcc00 22968       3       org.eclipse.jdt.internal.core.CompilationUnitStructureRequestor::exitMethod (137 bytes)
Event: 8102.289 Thread 0x00000279fa3fcc00 nmethod 22968 0x00000279eb1de390 code [0x00000279eb1de6c0, 0x00000279eb1dfd68]
Event: 8102.305 Thread 0x00000279fa3fbaa0 nmethod 22961 0x00000279f1e61e90 code [0x00000279f1e620c0, 0x00000279f1e62bb0]
Event: 8102.333 Thread 0x00000279fa3fcc00 22970       3       org.eclipse.core.internal.jobs.OrderedLock::release (60 bytes)
Event: 8102.334 Thread 0x00000279fa3fcc00 nmethod 22970 0x00000279e9540490 code [0x00000279e95406a0, 0x00000279e9540b18]

GC Heap History (20 events):
Event: 5508.678 GC heap after
{Heap after GC invocations=3019 (full 53):
 PSYoungGen      total 10240K, used 448K [0x00000000eab00000, 0x00000000eb980000, 0x0000000100000000)
  eden space 9728K, 0% used [0x00000000eab00000,0x00000000eab00000,0x00000000eb480000)
  from space 512K, 87% used [0x00000000eb900000,0x00000000eb9702b0,0x00000000eb980000)
  to   space 512K, 0% used [0x00000000eb880000,0x00000000eb880000,0x00000000eb900000)
 ParOldGen       total 123904K, used 104874K [0x00000000c0000000, 0x00000000c7900000, 0x00000000eab00000)
  object space 123904K, 84% used [0x00000000c0000000,0x00000000c666a838,0x00000000c7900000)
 Metaspace       used 92937K, committed 94080K, reserved 1179648K
  class space    used 9181K, committed 9664K, reserved 1048576K
}
Event: 5510.119 GC heap before
{Heap before GC invocations=3020 (full 53):
 PSYoungGen      total 10240K, used 10176K [0x00000000eab00000, 0x00000000eb980000, 0x0000000100000000)
  eden space 9728K, 100% used [0x00000000eab00000,0x00000000eb480000,0x00000000eb480000)
  from space 512K, 87% used [0x00000000eb900000,0x00000000eb9702b0,0x00000000eb980000)
  to   space 512K, 0% used [0x00000000eb880000,0x00000000eb880000,0x00000000eb900000)
 ParOldGen       total 123904K, used 104874K [0x00000000c0000000, 0x00000000c7900000, 0x00000000eab00000)
  object space 123904K, 84% used [0x00000000c0000000,0x00000000c666a838,0x00000000c7900000)
 Metaspace       used 93222K, committed 94464K, reserved 1179648K
  class space    used 9219K, committed 9728K, reserved 1048576K
}
Event: 5510.121 GC heap after
{Heap after GC invocations=3020 (full 53):
 PSYoungGen      total 10240K, used 509K [0x00000000eab00000, 0x00000000eb980000, 0x0000000100000000)
  eden space 9728K, 0% used [0x00000000eab00000,0x00000000eab00000,0x00000000eb480000)
  from space 512K, 99% used [0x00000000eb880000,0x00000000eb8ff790,0x00000000eb900000)
  to   space 512K, 0% used [0x00000000eb900000,0x00000000eb900000,0x00000000eb980000)
 ParOldGen       total 123904K, used 105278K [0x00000000c0000000, 0x00000000c7900000, 0x00000000eab00000)
  object space 123904K, 84% used [0x00000000c0000000,0x00000000c66cfb18,0x00000000c7900000)
 Metaspace       used 93222K, committed 94464K, reserved 1179648K
  class space    used 9219K, committed 9728K, reserved 1048576K
}
Event: 5514.484 GC heap before
{Heap before GC invocations=3021 (full 53):
 PSYoungGen      total 10240K, used 10237K [0x00000000eab00000, 0x00000000eb980000, 0x0000000100000000)
  eden space 9728K, 100% used [0x00000000eab00000,0x00000000eb480000,0x00000000eb480000)
  from space 512K, 99% used [0x00000000eb880000,0x00000000eb8ff790,0x00000000eb900000)
  to   space 512K, 0% used [0x00000000eb900000,0x00000000eb900000,0x00000000eb980000)
 ParOldGen       total 123904K, used 105278K [0x00000000c0000000, 0x00000000c7900000, 0x00000000eab00000)
  object space 123904K, 84% used [0x00000000c0000000,0x00000000c66cfb18,0x00000000c7900000)
 Metaspace       used 93857K, committed 95040K, reserved 1179648K
  class space    used 9322K, committed 9792K, reserved 1048576K
}
Event: 5514.486 GC heap after
{Heap after GC invocations=3021 (full 53):
 PSYoungGen      total 10240K, used 496K [0x00000000eab00000, 0x00000000eb980000, 0x0000000100000000)
  eden space 9728K, 0% used [0x00000000eab00000,0x00000000eab00000,0x00000000eb480000)
  from space 512K, 96% used [0x00000000eb900000,0x00000000eb97c1b8,0x00000000eb980000)
  to   space 2048K, 0% used [0x00000000eb580000,0x00000000eb580000,0x00000000eb780000)
 ParOldGen       total 123904K, used 106406K [0x00000000c0000000, 0x00000000c7900000, 0x00000000eab00000)
  object space 123904K, 85% used [0x00000000c0000000,0x00000000c67e9ab8,0x00000000c7900000)
 Metaspace       used 93857K, committed 95040K, reserved 1179648K
  class space    used 9322K, committed 9792K, reserved 1048576K
}
Event: 5514.885 GC heap before
{Heap before GC invocations=3022 (full 53):
 PSYoungGen      total 10240K, used 10224K [0x00000000eab00000, 0x00000000eb980000, 0x0000000100000000)
  eden space 9728K, 100% used [0x00000000eab00000,0x00000000eb480000,0x00000000eb480000)
  from space 512K, 96% used [0x00000000eb900000,0x00000000eb97c1b8,0x00000000eb980000)
  to   space 2048K, 0% used [0x00000000eb580000,0x00000000eb580000,0x00000000eb780000)
 ParOldGen       total 123904K, used 106406K [0x00000000c0000000, 0x00000000c7900000, 0x00000000eab00000)
  object space 123904K, 85% used [0x00000000c0000000,0x00000000c67e9ab8,0x00000000c7900000)
 Metaspace       used 93884K, committed 95040K, reserved 1179648K
  class space    used 9322K, committed 9792K, reserved 1048576K
}
Event: 5514.887 GC heap after
{Heap after GC invocations=3022 (full 53):
 PSYoungGen      total 11776K, used 799K [0x00000000eab00000, 0x00000000eb980000, 0x0000000100000000)
  eden space 9728K, 0% used [0x00000000eab00000,0x00000000eab00000,0x00000000eb480000)
  from space 2048K, 39% used [0x00000000eb580000,0x00000000eb647d50,0x00000000eb780000)
  to   space 1536K, 0% used [0x00000000eb800000,0x00000000eb800000,0x00000000eb980000)
 ParOldGen       total 123904K, used 106895K [0x00000000c0000000, 0x00000000c7900000, 0x00000000eab00000)
  object space 123904K, 86% used [0x00000000c0000000,0x00000000c6863c70,0x00000000c7900000)
 Metaspace       used 93884K, committed 95040K, reserved 1179648K
  class space    used 9322K, committed 9792K, reserved 1048576K
}
Event: 5518.527 GC heap before
{Heap before GC invocations=3023 (full 53):
 PSYoungGen      total 11776K, used 10522K [0x00000000eab00000, 0x00000000eb980000, 0x0000000100000000)
  eden space 9728K, 99% used [0x00000000eab00000,0x00000000eb47ee78,0x00000000eb480000)
  from space 2048K, 39% used [0x00000000eb580000,0x00000000eb647d50,0x00000000eb780000)
  to   space 1536K, 0% used [0x00000000eb800000,0x00000000eb800000,0x00000000eb980000)
 ParOldGen       total 123904K, used 106895K [0x00000000c0000000, 0x00000000c7900000, 0x00000000eab00000)
  object space 123904K, 86% used [0x00000000c0000000,0x00000000c6863c70,0x00000000c7900000)
 Metaspace       used 93957K, committed 95168K, reserved 1179648K
  class space    used 9330K, committed 9792K, reserved 1048576K
}
Event: 5518.541 GC heap after
{Heap after GC invocations=3023 (full 53):
 PSYoungGen      total 10752K, used 596K [0x00000000eab00000, 0x00000000eb900000, 0x0000000100000000)
  eden space 9728K, 0% used [0x00000000eab00000,0x00000000eab00000,0x00000000eb480000)
  from space 1024K, 58% used [0x00000000eb800000,0x00000000eb895220,0x00000000eb900000)
  to   space 1024K, 0% used [0x00000000eb700000,0x00000000eb700000,0x00000000eb800000)
 ParOldGen       total 123904K, used 107073K [0x00000000c0000000, 0x00000000c7900000, 0x00000000eab00000)
  object space 123904K, 86% used [0x00000000c0000000,0x00000000c6890778,0x00000000c7900000)
 Metaspace       used 93957K, committed 95168K, reserved 1179648K
  class space    used 9330K, committed 9792K, reserved 1048576K
}
Event: 8089.254 GC heap before
{Heap before GC invocations=3024 (full 53):
 PSYoungGen      total 10752K, used 10324K [0x00000000eab00000, 0x00000000eb900000, 0x0000000100000000)
  eden space 9728K, 100% used [0x00000000eab00000,0x00000000eb480000,0x00000000eb480000)
  from space 1024K, 58% used [0x00000000eb800000,0x00000000eb895220,0x00000000eb900000)
  to   space 1024K, 0% used [0x00000000eb700000,0x00000000eb700000,0x00000000eb800000)
 ParOldGen       total 123904K, used 107073K [0x00000000c0000000, 0x00000000c7900000, 0x00000000eab00000)
  object space 123904K, 86% used [0x00000000c0000000,0x00000000c6890778,0x00000000c7900000)
 Metaspace       used 94018K, committed 95232K, reserved 1179648K
  class space    used 9335K, committed 9856K, reserved 1048576K
}
Event: 8089.263 GC heap after
{Heap after GC invocations=3024 (full 53):
 PSYoungGen      total 10752K, used 873K [0x00000000eab00000, 0x00000000eb880000, 0x0000000100000000)
  eden space 9728K, 0% used [0x00000000eab00000,0x00000000eab00000,0x00000000eb480000)
  from space 1024K, 85% used [0x00000000eb700000,0x00000000eb7da440,0x00000000eb800000)
  to   space 512K, 0% used [0x00000000eb800000,0x00000000eb800000,0x00000000eb880000)
 ParOldGen       total 123904K, used 107582K [0x00000000c0000000, 0x00000000c7900000, 0x00000000eab00000)
  object space 123904K, 86% used [0x00000000c0000000,0x00000000c690f9b8,0x00000000c7900000)
 Metaspace       used 94018K, committed 95232K, reserved 1179648K
  class space    used 9335K, committed 9856K, reserved 1048576K
}
Event: 8095.297 GC heap before
{Heap before GC invocations=3025 (full 53):
 PSYoungGen      total 10752K, used 10601K [0x00000000eab00000, 0x00000000eb880000, 0x0000000100000000)
  eden space 9728K, 100% used [0x00000000eab00000,0x00000000eb480000,0x00000000eb480000)
  from space 1024K, 85% used [0x00000000eb700000,0x00000000eb7da440,0x00000000eb800000)
  to   space 512K, 0% used [0x00000000eb800000,0x00000000eb800000,0x00000000eb880000)
 ParOldGen       total 123904K, used 107582K [0x00000000c0000000, 0x00000000c7900000, 0x00000000eab00000)
  object space 123904K, 86% used [0x00000000c0000000,0x00000000c690f9b8,0x00000000c7900000)
 Metaspace       used 94018K, committed 95232K, reserved 1179648K
  class space    used 9335K, committed 9856K, reserved 1048576K
}
Event: 8095.299 GC heap after
{Heap after GC invocations=3025 (full 53):
 PSYoungGen      total 10240K, used 372K [0x00000000eab00000, 0x00000000eb880000, 0x0000000100000000)
  eden space 9728K, 0% used [0x00000000eab00000,0x00000000eab00000,0x00000000eb480000)
  from space 512K, 72% used [0x00000000eb800000,0x00000000eb85d240,0x00000000eb880000)
  to   space 1024K, 0% used [0x00000000eb680000,0x00000000eb680000,0x00000000eb780000)
 ParOldGen       total 123904K, used 108138K [0x00000000c0000000, 0x00000000c7900000, 0x00000000eab00000)
  object space 123904K, 87% used [0x00000000c0000000,0x00000000c699abf8,0x00000000c7900000)
 Metaspace       used 94018K, committed 95232K, reserved 1179648K
  class space    used 9335K, committed 9856K, reserved 1048576K
}
Event: 8099.719 GC heap before
{Heap before GC invocations=3026 (full 53):
 PSYoungGen      total 10240K, used 10100K [0x00000000eab00000, 0x00000000eb880000, 0x0000000100000000)
  eden space 9728K, 100% used [0x00000000eab00000,0x00000000eb480000,0x00000000eb480000)
  from space 512K, 72% used [0x00000000eb800000,0x00000000eb85d240,0x00000000eb880000)
  to   space 1024K, 0% used [0x00000000eb680000,0x00000000eb680000,0x00000000eb780000)
 ParOldGen       total 123904K, used 108138K [0x00000000c0000000, 0x00000000c7900000, 0x00000000eab00000)
  object space 123904K, 87% used [0x00000000c0000000,0x00000000c699abf8,0x00000000c7900000)
 Metaspace       used 94073K, committed 95296K, reserved 1179648K
  class space    used 9345K, committed 9856K, reserved 1048576K
}
Event: 8099.721 GC heap after
{Heap after GC invocations=3026 (full 53):
 PSYoungGen      total 10752K, used 836K [0x00000000eab00000, 0x00000000eb880000, 0x0000000100000000)
  eden space 9728K, 0% used [0x00000000eab00000,0x00000000eab00000,0x00000000eb480000)
  from space 1024K, 81% used [0x00000000eb680000,0x00000000eb751290,0x00000000eb780000)
  to   space 1024K, 0% used [0x00000000eb780000,0x00000000eb780000,0x00000000eb880000)
 ParOldGen       total 123904K, used 108138K [0x00000000c0000000, 0x00000000c7900000, 0x00000000eab00000)
  object space 123904K, 87% used [0x00000000c0000000,0x00000000c699abf8,0x00000000c7900000)
 Metaspace       used 94073K, committed 95296K, reserved 1179648K
  class space    used 9345K, committed 9856K, reserved 1048576K
}
Event: 8102.275 GC heap before
{Heap before GC invocations=3027 (full 53):
 PSYoungGen      total 10752K, used 10564K [0x00000000eab00000, 0x00000000eb880000, 0x0000000100000000)
  eden space 9728K, 99% used [0x00000000eab00000,0x00000000eb47fff0,0x00000000eb480000)
  from space 1024K, 81% used [0x00000000eb680000,0x00000000eb751290,0x00000000eb780000)
  to   space 1024K, 0% used [0x00000000eb780000,0x00000000eb780000,0x00000000eb880000)
 ParOldGen       total 123904K, used 108138K [0x00000000c0000000, 0x00000000c7900000, 0x00000000eab00000)
  object space 123904K, 87% used [0x00000000c0000000,0x00000000c699abf8,0x00000000c7900000)
 Metaspace       used 94075K, committed 95296K, reserved 1179648K
  class space    used 9345K, committed 9856K, reserved 1048576K
}
Event: 8102.278 GC heap after
{Heap after GC invocations=3027 (full 53):
 PSYoungGen      total 10752K, used 820K [0x00000000eab00000, 0x00000000eb880000, 0x0000000100000000)
  eden space 9728K, 0% used [0x00000000eab00000,0x00000000eab00000,0x00000000eb480000)
  from space 1024K, 80% used [0x00000000eb780000,0x00000000eb84d260,0x00000000eb880000)
  to   space 1024K, 0% used [0x00000000eb680000,0x00000000eb680000,0x00000000eb780000)
 ParOldGen       total 123904K, used 108138K [0x00000000c0000000, 0x00000000c7900000, 0x00000000eab00000)
  object space 123904K, 87% used [0x00000000c0000000,0x00000000c699abf8,0x00000000c7900000)
 Metaspace       used 94075K, committed 95296K, reserved 1179648K
  class space    used 9345K, committed 9856K, reserved 1048576K
}
Event: 8102.401 GC heap before
{Heap before GC invocations=3028 (full 53):
 PSYoungGen      total 10752K, used 10548K [0x00000000eab00000, 0x00000000eb880000, 0x0000000100000000)
  eden space 9728K, 100% used [0x00000000eab00000,0x00000000eb480000,0x00000000eb480000)
  from space 1024K, 80% used [0x00000000eb780000,0x00000000eb84d260,0x00000000eb880000)
  to   space 1024K, 0% used [0x00000000eb680000,0x00000000eb680000,0x00000000eb780000)
 ParOldGen       total 123904K, used 108138K [0x00000000c0000000, 0x00000000c7900000, 0x00000000eab00000)
  object space 123904K, 87% used [0x00000000c0000000,0x00000000c699abf8,0x00000000c7900000)
 Metaspace       used 94076K, committed 95296K, reserved 1179648K
  class space    used 9345K, committed 9856K, reserved 1048576K
}
Event: 8102.411 GC heap after
{Heap after GC invocations=3028 (full 53):
 PSYoungGen      total 10752K, used 1000K [0x00000000eab00000, 0x00000000ec980000, 0x0000000100000000)
  eden space 9728K, 0% used [0x00000000eab00000,0x00000000eab00000,0x00000000eb480000)
  from space 1024K, 97% used [0x00000000eb680000,0x00000000eb77a030,0x00000000eb780000)
  to   space 10752K, 0% used [0x00000000ebf00000,0x00000000ebf00000,0x00000000ec980000)
 ParOldGen       total 123904K, used 116175K [0x00000000c0000000, 0x00000000c7900000, 0x00000000eab00000)
  object space 123904K, 93% used [0x00000000c0000000,0x00000000c7173e28,0x00000000c7900000)
 Metaspace       used 94076K, committed 95296K, reserved 1179648K
  class space    used 9345K, committed 9856K, reserved 1048576K
}
Event: 8102.537 GC heap before
{Heap before GC invocations=3029 (full 54):
 PSYoungGen      total 10752K, used 10728K [0x00000000eab00000, 0x00000000ec980000, 0x0000000100000000)
  eden space 9728K, 100% used [0x00000000eab00000,0x00000000eb480000,0x00000000eb480000)
  from space 1024K, 97% used [0x00000000eb680000,0x00000000eb77a030,0x00000000eb780000)
  to   space 10752K, 0% used [0x00000000ebf00000,0x00000000ebf00000,0x00000000ec980000)
 ParOldGen       total 123904K, used 116175K [0x00000000c0000000, 0x00000000c7900000, 0x00000000eab00000)
  object space 123904K, 93% used [0x00000000c0000000,0x00000000c7173e28,0x00000000c7900000)
 Metaspace       used 94076K, committed 95296K, reserved 1179648K
  class space    used 9345K, committed 9856K, reserved 1048576K
}

Dll operation events (12 events):
Event: 0.046 Loaded shared library c:\Users\Mirado\.vscode\extensions\redhat.java-1.38.0-win32-x64\jre\17.0.13-win32-x86_64\bin\java.dll
Event: 0.267 Loaded shared library c:\Users\Mirado\.vscode\extensions\redhat.java-1.38.0-win32-x64\jre\17.0.13-win32-x86_64\bin\zip.dll
Event: 0.270 Loaded shared library C:\Users\Mirado\.vscode\extensions\redhat.java-1.38.0-win32-x64\jre\17.0.13-win32-x86_64\bin\instrument.dll
Event: 0.294 Loaded shared library C:\Users\Mirado\.vscode\extensions\redhat.java-1.38.0-win32-x64\jre\17.0.13-win32-x86_64\bin\net.dll
Event: 0.298 Loaded shared library C:\Users\Mirado\.vscode\extensions\redhat.java-1.38.0-win32-x64\jre\17.0.13-win32-x86_64\bin\nio.dll
Event: 0.309 Loaded shared library C:\Users\Mirado\.vscode\extensions\redhat.java-1.38.0-win32-x64\jre\17.0.13-win32-x86_64\bin\zip.dll
Event: 0.341 Loaded shared library C:\Users\Mirado\.vscode\extensions\redhat.java-1.38.0-win32-x64\jre\17.0.13-win32-x86_64\bin\jimage.dll
Event: 0.455 Loaded shared library c:\Users\Mirado\.vscode\extensions\redhat.java-1.38.0-win32-x64\jre\17.0.13-win32-x86_64\bin\verify.dll
Event: 9.360 Loaded shared library C:\Users\Mirado\AppData\Roaming\Code\User\globalStorage\redhat.java\1.38.0\config_win\org.eclipse.equinox.launcher\org.eclipse.equinox.launcher.win32.win32.x86_64_1.2.1100.v20240722-2106\eclipse_11904.dll
Event: 20.451 Loaded shared library C:\Users\Mirado\AppData\Local\Temp\jna--1990060362\jna8710569109562857145.dll
Event: 78.494 Loaded shared library C:\Users\Mirado\.vscode\extensions\redhat.java-1.38.0-win32-x64\jre\17.0.13-win32-x86_64\bin\sunmscapi.dll
Event: 231.791 Loaded shared library C:\Users\Mirado\.vscode\extensions\redhat.java-1.38.0-win32-x64\jre\17.0.13-win32-x86_64\bin\extnet.dll

Deoptimization events (20 events):
Event: 8095.284 Thread 0x00000279845597b0 Uncommon trap: trap_request=0xffffff45 fr.pc=0x00000279f1f6f6b4 relative=0x00000000000004f4
Event: 8095.284 Thread 0x00000279845597b0 Uncommon trap: reason=unstable_if action=reinterpret pc=0x00000279f1f6f6b4 method=org.eclipse.jdt.internal.core.search.BasicSearchEngine$5.acceptIndexMatch(Ljava/lang/String;Lorg/eclipse/jdt/core/search/SearchPattern;Lorg/eclipse/jdt/core/search/SearchPar
Event: 8095.284 Thread 0x00000279845597b0 DEOPT PACKING pc=0x00000279f1f6f6b4 sp=0x000000aada9fe480
Event: 8095.284 Thread 0x00000279845597b0 DEOPT UNPACKING pc=0x00000279f07a66a3 sp=0x000000aada9fe410 mode 2
Event: 8095.290 Thread 0x00000279845597b0 Uncommon trap: trap_request=0xffffff45 fr.pc=0x00000279f1a6e410 relative=0x00000000000000f0
Event: 8095.290 Thread 0x00000279845597b0 Uncommon trap: reason=unstable_if action=reinterpret pc=0x00000279f1a6e410 method=java.util.concurrent.ForkJoinTask.signalWaiters()V @ 38 c2
Event: 8095.290 Thread 0x00000279845597b0 DEOPT PACKING pc=0x00000279f1a6e410 sp=0x000000aada9fe5e0
Event: 8095.290 Thread 0x00000279845597b0 DEOPT UNPACKING pc=0x00000279f07a66a3 sp=0x000000aada9fe570 mode 2
Event: 8099.525 Thread 0x00000279845597b0 Uncommon trap: trap_request=0xffffff45 fr.pc=0x00000279f1f5bccc relative=0x000000000000008c
Event: 8099.525 Thread 0x00000279845597b0 Uncommon trap: reason=unstable_if action=reinterpret pc=0x00000279f1f5bccc method=org.eclipse.jdt.ls.core.internal.text.correction.QuickAssistProcessor$1.visitNode(Lorg/eclipse/jdt/core/dom/ASTNode;)Z @ 55 c2
Event: 8099.525 Thread 0x00000279845597b0 DEOPT PACKING pc=0x00000279f1f5bccc sp=0x000000aada9fed00
Event: 8099.525 Thread 0x00000279845597b0 DEOPT UNPACKING pc=0x00000279f07a66a3 sp=0x000000aada9fecc8 mode 2
Event: 8100.549 Thread 0x0000027984557950 Uncommon trap: trap_request=0xffffff45 fr.pc=0x00000279f1de2074 relative=0x0000000000000254
Event: 8100.549 Thread 0x0000027984557950 Uncommon trap: reason=unstable_if action=reinterpret pc=0x00000279f1de2074 method=org.eclipse.jdt.internal.corext.refactoring.code.SnippetFinder.matches(Lorg/eclipse/jdt/core/dom/ASTNode;)Z @ 27 c2
Event: 8100.549 Thread 0x0000027984557950 DEOPT PACKING pc=0x00000279f1de2074 sp=0x000000aadb0fe000
Event: 8100.549 Thread 0x0000027984557950 DEOPT UNPACKING pc=0x00000279f07a66a3 sp=0x000000aadb0fdf48 mode 2
Event: 8100.549 Thread 0x0000027984557950 Uncommon trap: trap_request=0xffffff45 fr.pc=0x00000279f1de26c4 relative=0x0000000000000124
Event: 8100.549 Thread 0x0000027984557950 Uncommon trap: reason=unstable_if action=reinterpret pc=0x00000279f1de26c4 method=org.eclipse.jdt.internal.corext.refactoring.code.SnippetFinder.matches(Lorg/eclipse/jdt/core/dom/ASTNode;)Z @ 27 c2
Event: 8100.549 Thread 0x0000027984557950 DEOPT PACKING pc=0x00000279f1de26c4 sp=0x000000aadb0fde00
Event: 8100.549 Thread 0x0000027984557950 DEOPT UNPACKING pc=0x00000279f07a66a3 sp=0x000000aadb0fddb0 mode 2

Classes loaded (20 events):
Event: 5516.182 Loading class sun/security/ssl/SSLEngineImpl$DelegatedTask
Event: 5516.182 Loading class sun/security/ssl/SSLEngineImpl$DelegatedTask done
Event: 5516.183 Loading class sun/security/ssl/SSLEngineImpl$DelegatedTask$DelegatedAction
Event: 5516.183 Loading class sun/security/ssl/SSLEngineImpl$DelegatedTask$DelegatedAction done
Event: 5516.184 Loading class sun/security/util/ByteArrays
Event: 5516.184 Loading class sun/security/util/ByteArrays done
Event: 5516.184 Loading class sun/security/ssl/HandshakeHash$T12HandshakeHash
Event: 5516.184 Loading class sun/security/ssl/HandshakeHash$T12HandshakeHash done
Event: 5516.216 Loading class sun/security/ssl/RenegoInfoExtension$RenegotiationInfoSpec
Event: 5516.216 Loading class sun/security/ssl/RenegoInfoExtension$RenegotiationInfoSpec done
Event: 5516.217 Loading class sun/security/ssl/SessionTicketExtension$SessionTicketSpec
Event: 5516.217 Loading class sun/security/ssl/SessionTicketExtension$SessionTicketSpec done
Event: 5516.217 Loading class sun/security/ssl/SSLKeyExchange$1
Event: 5516.218 Loading class sun/security/ssl/SSLKeyExchange$1 done
Event: 5516.218 Loading class sun/security/ssl/SSLKeyExchange$SSLKeyExECDHERSAOrPSS
Event: 5516.218 Loading class sun/security/ssl/SSLKeyExchange$SSLKeyExECDHERSAOrPSS done
Event: 5516.218 Loading class sun/security/ssl/X509Authentication
Event: 5516.251 Loading class sun/security/ssl/SSLAuthentication
Event: 5516.251 Loading class sun/security/ssl/SSLAuthentication done
Event: 5516.251 Loading class sun/security/ssl/X509Authentication done

Classes unloaded (20 events):
Event: 5448.316 Thread 0x00000279e663ea90 Unloading class 0x0000000100394400 'jdk/internal/reflect/GeneratedConstructorAccessor74'
Event: 5448.316 Thread 0x00000279e663ea90 Unloading class 0x0000000100394c00 'jdk/internal/reflect/GeneratedConstructorAccessor73'
Event: 5448.316 Thread 0x00000279e663ea90 Unloading class 0x0000000100396800 'jdk/internal/reflect/GeneratedConstructorAccessor72'
Event: 5448.316 Thread 0x00000279e663ea90 Unloading class 0x0000000100397000 'jdk/internal/reflect/GeneratedConstructorAccessor71'
Event: 5448.316 Thread 0x00000279e663ea90 Unloading class 0x0000000100397800 'jdk/internal/reflect/GeneratedConstructorAccessor70'
Event: 5448.316 Thread 0x00000279e663ea90 Unloading class 0x0000000100399c00 'jdk/internal/reflect/GeneratedConstructorAccessor69'
Event: 5448.317 Thread 0x00000279e663ea90 Unloading class 0x000000010039b800 'java/lang/invoke/LambdaForm$MH+0x000000010039b800'
Event: 5448.318 Thread 0x00000279e663ea90 Unloading class 0x0000000100518000 'java/lang/invoke/LambdaForm$MH+0x0000000100518000'
Event: 5448.318 Thread 0x00000279e663ea90 Unloading class 0x0000000100290c00 'java/lang/invoke/LambdaForm$MH+0x0000000100290c00'
Event: 5448.318 Thread 0x00000279e663ea90 Unloading class 0x0000000100291400 'java/lang/invoke/LambdaForm$MH+0x0000000100291400'
Event: 5448.318 Thread 0x00000279e663ea90 Unloading class 0x000000010082ac00 'java/lang/invoke/LambdaForm$MH+0x000000010082ac00'
Event: 5448.318 Thread 0x00000279e663ea90 Unloading class 0x0000000100890000 'jdk/internal/reflect/GeneratedConstructorAccessor65'
Event: 5448.318 Thread 0x00000279e663ea90 Unloading class 0x00000001006e1000 'jdk/internal/reflect/GeneratedMethodAccessor36'
Event: 5448.318 Thread 0x00000279e663ea90 Unloading class 0x0000000100918c00 'jdk/internal/reflect/GeneratedConstructorAccessor59'
Event: 5448.319 Thread 0x00000279e663ea90 Unloading class 0x0000000100911000 'jdk/internal/reflect/GeneratedConstructorAccessor56'
Event: 5448.319 Thread 0x00000279e663ea90 Unloading class 0x0000000100892c00 'jdk/internal/reflect/GeneratedConstructorAccessor44'
Event: 5448.319 Thread 0x00000279e663ea90 Unloading class 0x0000000100684800 'jdk/internal/reflect/GeneratedConstructorAccessor17'
Event: 5448.319 Thread 0x00000279e663ea90 Unloading class 0x0000000100310c00 'jdk/internal/reflect/GeneratedSerializationConstructorAccessor3'
Event: 5448.320 Thread 0x00000279e663ea90 Unloading class 0x0000000100310800 'jdk/internal/reflect/GeneratedSerializationConstructorAccessor2'
Event: 5448.320 Thread 0x00000279e663ea90 Unloading class 0x0000000100310400 'jdk/internal/reflect/GeneratedSerializationConstructorAccessor1'

Classes redefined (0 events):
No events

Internal exceptions (20 events):
Event: 2878.401 Thread 0x0000027980e99300 Implicit null exception at 0x00000279f13c2781 to 0x00000279f13c2d78
Event: 2878.516 Thread 0x0000027980e99300 Implicit null exception at 0x00000279f13513e0 to 0x00000279f13530af
Event: 2878.550 Thread 0x00000279831933f0 Exception <a 'sun/nio/fs/WindowsException'{0x00000000eab61fa0}> (0x00000000eab61fa0) 
thrown [s\src\hotspot\share\prims\jni.cpp, line 516]
Event: 2878.551 Thread 0x00000279831933f0 Exception <a 'sun/nio/fs/WindowsException'{0x00000000eab628a8}> (0x00000000eab628a8) 
thrown [s\src\hotspot\share\prims\jni.cpp, line 516]
Event: 2878.552 Thread 0x00000279831933f0 Exception <a 'sun/nio/fs/WindowsException'{0x00000000eab63868}> (0x00000000eab63868) 
thrown [s\src\hotspot\share\prims\jni.cpp, line 516]
Event: 2878.552 Thread 0x00000279831933f0 Exception <a 'sun/nio/fs/WindowsException'{0x00000000eab76500}> (0x00000000eab76500) 
thrown [s\src\hotspot\share\prims\jni.cpp, line 516]
Event: 2878.556 Thread 0x00000279831933f0 Exception <a 'sun/nio/fs/WindowsException'{0x00000000eab77658}> (0x00000000eab77658) 
thrown [s\src\hotspot\share\prims\jni.cpp, line 516]
Event: 2878.556 Thread 0x00000279831933f0 Exception <a 'sun/nio/fs/WindowsException'{0x00000000eab77f40}> (0x00000000eab77f40) 
thrown [s\src\hotspot\share\prims\jni.cpp, line 516]
Event: 2881.514 Thread 0x00000279831933f0 Implicit null exception at 0x00000279f1d761fc to 0x00000279f1d79d8c
Event: 5357.736 Thread 0x0000027983191aa0 Exception <a 'java/lang/ClassNotFoundException'{0x00000000eac64868}: sun/net/www/protocol/jdt/Handler> (0x00000000eac64868) 
thrown [s\src\hotspot\share\classfile\systemDictionary.cpp, line 256]
Event: 5492.208 Thread 0x000002798318d8d0 Implicit null exception at 0x00000279f15defa9 to 0x00000279f15dfaf0
Event: 5504.424 Thread 0x0000027980e99300 Implicit null exception at 0x00000279f0fd30d8 to 0x00000279f0fd3214
Event: 5508.704 Thread 0x000002798318ceb0 Exception <a 'java/lang/ClassNotFoundException'{0x00000000eb118768}: sun/net/www/protocol/jdt/Handler> (0x00000000eb118768) 
thrown [s\src\hotspot\share\classfile\systemDictionary.cpp, line 256]
Event: 5508.704 Thread 0x000002798318ceb0 Exception <a 'java/lang/ClassNotFoundException'{0x00000000eb11ae78}: sun/net/www/protocol/jdt/Handler> (0x00000000eb11ae78) 
thrown [s\src\hotspot\share\classfile\systemDictionary.cpp, line 256]
Event: 5508.704 Thread 0x000002798318ceb0 Exception <a 'java/lang/ClassNotFoundException'{0x00000000eb11d568}: sun/net/www/protocol/jdt/Handler> (0x00000000eb11d568) 
thrown [s\src\hotspot\share\classfile\systemDictionary.cpp, line 256]
Event: 5508.705 Thread 0x000002798318ceb0 Exception <a 'java/lang/ClassNotFoundException'{0x00000000eb11fc80}: sun/net/www/protocol/jdt/Handler> (0x00000000eb11fc80) 
thrown [s\src\hotspot\share\classfile\systemDictionary.cpp, line 256]
Event: 5510.306 Thread 0x0000027983191080 Implicit null exception at 0x00000279f1b5e0ef to 0x00000279f1b638b8
Event: 5511.358 Thread 0x0000027984556f30 Exception <a 'java/lang/NoSuchMethodError'{0x00000000eaf300b8}: 'void java.lang.invoke.DirectMethodHandle$Holder.invokeStatic(java.lang.Object, java.lang.Object, int)'> (0x00000000eaf300b8) 
thrown [s\src\hotspot\share\interpreter\linkResolver.cpp, line 759]
Event: 5516.183 Thread 0x0000027984553270 Exception <a 'java/lang/NoSuchMethodError'{0x00000000eaee8918}: 'void java.lang.invoke.DirectMethodHandle$Holder.invokeInterface(java.lang.Object, java.lang.Object)'> (0x00000000eaee8918) 
thrown [s\src\hotspot\share\interpreter\linkResolver.cpp, line 759]
Event: 8102.321 Thread 0x0000027980e99d20 Exception <a 'sun/nio/fs/WindowsException'{0x00000000eab707a0}> (0x00000000eab707a0) 
thrown [s\src\hotspot\share\prims\jni.cpp, line 516]

VM Operations (20 events):
Event: 7948.405 Executing VM operation: HandshakeAllThreads done
Event: 8089.254 Executing VM operation: ParallelGCFailedAllocation
Event: 8089.263 Executing VM operation: ParallelGCFailedAllocation done
Event: 8095.297 Executing VM operation: ParallelGCFailedAllocation
Event: 8095.299 Executing VM operation: ParallelGCFailedAllocation done
Event: 8096.301 Executing VM operation: Cleanup
Event: 8096.301 Executing VM operation: Cleanup done
Event: 8099.399 Executing VM operation: HandshakeAllThreads
Event: 8099.399 Executing VM operation: HandshakeAllThreads done
Event: 8099.399 Executing VM operation: Cleanup
Event: 8099.400 Executing VM operation: Cleanup done
Event: 8099.719 Executing VM operation: ParallelGCFailedAllocation
Event: 8099.721 Executing VM operation: ParallelGCFailedAllocation done
Event: 8100.727 Executing VM operation: Cleanup
Event: 8100.727 Executing VM operation: Cleanup done
Event: 8102.275 Executing VM operation: ParallelGCFailedAllocation
Event: 8102.278 Executing VM operation: ParallelGCFailedAllocation done
Event: 8102.401 Executing VM operation: ParallelGCFailedAllocation
Event: 8102.411 Executing VM operation: ParallelGCFailedAllocation done
Event: 8102.537 Executing VM operation: ParallelGCFailedAllocation

Memory protections (0 events):
No events

Nmethod flushes (20 events):
Event: 5510.362 Thread 0x00000279fa3fdcf0 flushing  nmethod 0x00000279eafb4610
Event: 5510.362 Thread 0x00000279fa3fdcf0 flushing  nmethod 0x00000279eafd2710
Event: 5510.362 Thread 0x00000279fa3fdcf0 flushing  nmethod 0x00000279eafe1590
Event: 5510.362 Thread 0x00000279fa3fdcf0 flushing  nmethod 0x00000279eafee410
Event: 5510.363 Thread 0x00000279fa3fdcf0 flushing  nmethod 0x00000279eb06a710
Event: 5510.363 Thread 0x00000279fa3fdcf0 flushing  nmethod 0x00000279eb06c210
Event: 5510.363 Thread 0x00000279fa3fdcf0 flushing  nmethod 0x00000279eb103410
Event: 5510.364 Thread 0x00000279fa3fdcf0 flushing  nmethod 0x00000279eb1de390
Event: 5510.365 Thread 0x00000279fa3fdcf0 flushing  nmethod 0x00000279eb402110
Event: 5510.366 Thread 0x00000279fa3fdcf0 flushing  nmethod 0x00000279eb473590
Event: 5510.367 Thread 0x00000279fa3fdcf0 flushing  nmethod 0x00000279eb509190
Event: 5510.367 Thread 0x00000279fa3fdcf0 flushing  nmethod 0x00000279eb600a90
Event: 5510.368 Thread 0x00000279fa3fdcf0 flushing  nmethod 0x00000279eb662890
Event: 5510.368 Thread 0x00000279fa3fdcf0 flushing  nmethod 0x00000279eb6ef190
Event: 5510.369 Thread 0x00000279fa3fdcf0 flushing  nmethod 0x00000279eb86c710
Event: 5510.369 Thread 0x00000279fa3fdcf0 flushing  nmethod 0x00000279eb86e290
Event: 5510.369 Thread 0x00000279fa3fdcf0 flushing  nmethod 0x00000279eb86f390
Event: 5510.369 Thread 0x00000279fa3fdcf0 flushing  nmethod 0x00000279eb86f890
Event: 5510.370 Thread 0x00000279fa3fdcf0 flushing  nmethod 0x00000279eb8a6a90
Event: 5510.370 Thread 0x00000279fa3fdcf0 flushing  nmethod 0x00000279eb8a7b10

Events (20 events):
Event: 5828.694 Thread 0x0000027980e99810 Thread exited: 0x0000027980e99810
Event: 5888.695 Thread 0x0000027983193900 Thread exited: 0x0000027983193900
Event: 5948.701 Thread 0x0000027980e98df0 Thread exited: 0x0000027980e98df0
Event: 6022.066 Thread 0x0000027983192ee0 Thread exited: 0x0000027983192ee0
Event: 6082.079 Thread 0x0000027980e9ac50 Thread exited: 0x0000027980e9ac50
Event: 6142.084 Thread 0x0000027983191aa0 Thread exited: 0x0000027983191aa0
Event: 6324.312 Thread 0x000002798318e800 Thread added: 0x0000027984557440
Event: 6384.333 Thread 0x0000027984557440 Thread exited: 0x0000027984557440
Event: 7880.595 Thread 0x000002798318e800 Thread added: 0x00000279845555e0
Event: 7940.605 Thread 0x00000279845555e0 Thread exited: 0x00000279845555e0
Event: 8088.007 Thread 0x000002798318e800 Thread added: 0x00000279845597b0
Event: 8088.169 Thread 0x00000279845597b0 Thread added: 0x00000279845592a0
Event: 8089.237 Thread 0x00000279845592a0 Thread added: 0x0000027984557950
Event: 8089.239 Thread 0x00000279845597b0 Thread added: 0x0000027984559cc0
Event: 8089.240 Thread 0x00000279845597b0 Thread added: 0x0000027984557e60
Event: 8089.240 Thread 0x00000279845597b0 Thread added: 0x0000027984556510
Event: 8095.018 Thread 0x00000279845597b0 Thread added: 0x0000027984554bc0
Event: 8095.044 Thread 0x00000279845597b0 Thread added: 0x0000027984556000
Event: 8095.284 Thread 0x00000279845597b0 Thread added: 0x0000027984558d90
Event: 8102.327 Thread 0x000002798318d8d0 Thread added: 0x000002798455a1d0


Dynamic libraries:
0x00007ff761190000 - 0x00007ff76119e000 	c:\Users\Mirado\.vscode\extensions\redhat.java-1.38.0-win32-x64\jre\17.0.13-win32-x86_64\bin\java.exe
0x00007ffe054f0000 - 0x00007ffe056e8000 	C:\WINDOWS\SYSTEM32\ntdll.dll
0x00007ffe04bf0000 - 0x00007ffe04cb2000 	C:\WINDOWS\System32\KERNEL32.DLL
0x00007ffe02f30000 - 0x00007ffe0322f000 	C:\WINDOWS\System32\KERNELBASE.dll
0x00007ffe03230000 - 0x00007ffe03330000 	C:\WINDOWS\System32\ucrtbase.dll
0x00007ffde8ad0000 - 0x00007ffde8ae7000 	c:\Users\Mirado\.vscode\extensions\redhat.java-1.38.0-win32-x64\jre\17.0.13-win32-x86_64\bin\jli.dll
0x00007ffe03b00000 - 0x00007ffe03c9d000 	C:\WINDOWS\System32\USER32.dll
0x00007ffe02db0000 - 0x00007ffe02dd2000 	C:\WINDOWS\System32\win32u.dll
0x00007ffe04080000 - 0x00007ffe040ab000 	C:\WINDOWS\System32\GDI32.dll
0x00007ffe033e0000 - 0x00007ffe034f7000 	C:\WINDOWS\System32\gdi32full.dll
0x00007ffe02bb0000 - 0x00007ffe02c4d000 	C:\WINDOWS\System32\msvcp_win.dll
0x00007ffde92b0000 - 0x00007ffde92ce000 	c:\Users\Mirado\.vscode\extensions\redhat.java-1.38.0-win32-x64\jre\17.0.13-win32-x86_64\bin\VCRUNTIME140.dll
0x00007ffdef8a0000 - 0x00007ffdefb3a000 	C:\WINDOWS\WinSxS\amd64_microsoft.windows.common-controls_6595b64144ccf1df_6.0.19041.4355_none_60b8b9eb71f62e16\COMCTL32.dll
0x00007ffe04df0000 - 0x00007ffe04e8e000 	C:\WINDOWS\System32\msvcrt.dll
0x00007ffe03920000 - 0x00007ffe0394f000 	C:\WINDOWS\System32\IMM32.DLL
0x00007ffde94c0000 - 0x00007ffde94cc000 	c:\Users\Mirado\.vscode\extensions\redhat.java-1.38.0-win32-x64\jre\17.0.13-win32-x86_64\bin\vcruntime140_1.dll
0x00007ffdc53b0000 - 0x00007ffdc543d000 	c:\Users\Mirado\.vscode\extensions\redhat.java-1.38.0-win32-x64\jre\17.0.13-win32-x86_64\bin\msvcp140.dll
0x00007ffd83590000 - 0x00007ffd841fb000 	c:\Users\Mirado\.vscode\extensions\redhat.java-1.38.0-win32-x64\jre\17.0.13-win32-x86_64\bin\server\jvm.dll
0x00007ffe048e0000 - 0x00007ffe04991000 	C:\WINDOWS\System32\ADVAPI32.dll
0x00007ffe04cc0000 - 0x00007ffe04d5f000 	C:\WINDOWS\System32\sechost.dll
0x00007ffe036c0000 - 0x00007ffe037e3000 	C:\WINDOWS\System32\RPCRT4.dll
0x00007ffe02b80000 - 0x00007ffe02ba7000 	C:\WINDOWS\System32\bcrypt.dll
0x00007ffe05440000 - 0x00007ffe054ab000 	C:\WINDOWS\System32\WS2_32.dll
0x00007ffe02080000 - 0x00007ffe020cb000 	C:\WINDOWS\SYSTEM32\POWRPROF.dll
0x00007ffdf4250000 - 0x00007ffdf4277000 	C:\WINDOWS\SYSTEM32\WINMM.dll
0x00007ffdf9b00000 - 0x00007ffdf9b0a000 	C:\WINDOWS\SYSTEM32\VERSION.dll
0x00007ffe01f40000 - 0x00007ffe01f52000 	C:\WINDOWS\SYSTEM32\UMPDC.dll
0x00007ffe009c0000 - 0x00007ffe009d2000 	C:\WINDOWS\SYSTEM32\kernel.appcore.dll
0x00007ffde92a0000 - 0x00007ffde92aa000 	c:\Users\Mirado\.vscode\extensions\redhat.java-1.38.0-win32-x64\jre\17.0.13-win32-x86_64\bin\jimage.dll
0x00007ffdf3910000 - 0x00007ffdf3af4000 	C:\WINDOWS\SYSTEM32\DBGHELP.DLL
0x00007ffded310000 - 0x00007ffded344000 	C:\WINDOWS\SYSTEM32\dbgcore.DLL
0x00007ffe02ea0000 - 0x00007ffe02f22000 	C:\WINDOWS\System32\bcryptPrimitives.dll
0x00007ffde3e30000 - 0x00007ffde3e3e000 	c:\Users\Mirado\.vscode\extensions\redhat.java-1.38.0-win32-x64\jre\17.0.13-win32-x86_64\bin\instrument.dll
0x00007ffdcc620000 - 0x00007ffdcc645000 	c:\Users\Mirado\.vscode\extensions\redhat.java-1.38.0-win32-x64\jre\17.0.13-win32-x86_64\bin\java.dll
0x00007ffdda070000 - 0x00007ffdda088000 	c:\Users\Mirado\.vscode\extensions\redhat.java-1.38.0-win32-x64\jre\17.0.13-win32-x86_64\bin\zip.dll
0x00007ffe040b0000 - 0x00007ffe0481e000 	C:\WINDOWS\System32\SHELL32.dll
0x00007ffe00bc0000 - 0x00007ffe01364000 	C:\WINDOWS\SYSTEM32\windows.storage.dll
0x00007ffe03ca0000 - 0x00007ffe03ff5000 	C:\WINDOWS\System32\combase.dll
0x00007ffe024d0000 - 0x00007ffe024ff000 	C:\WINDOWS\SYSTEM32\Wldp.dll
0x00007ffe049a0000 - 0x00007ffe04a6d000 	C:\WINDOWS\System32\OLEAUT32.dll
0x00007ffe05330000 - 0x00007ffe053dd000 	C:\WINDOWS\System32\SHCORE.dll
0x00007ffe053e0000 - 0x00007ffe05435000 	C:\WINDOWS\System32\shlwapi.dll
0x00007ffe02ab0000 - 0x00007ffe02ad4000 	C:\WINDOWS\SYSTEM32\profapi.dll
0x00007ffdd4d40000 - 0x00007ffdd4d59000 	C:\Users\Mirado\.vscode\extensions\redhat.java-1.38.0-win32-x64\jre\17.0.13-win32-x86_64\bin\net.dll
0x00007ffdfbf20000 - 0x00007ffdfc02d000 	C:\WINDOWS\SYSTEM32\WINHTTP.dll
0x00007ffe022b0000 - 0x00007ffe0231a000 	C:\WINDOWS\system32\mswsock.dll
0x00007ffdcc2b0000 - 0x00007ffdcc2c6000 	C:\Users\Mirado\.vscode\extensions\redhat.java-1.38.0-win32-x64\jre\17.0.13-win32-x86_64\bin\nio.dll
0x00007ffde0290000 - 0x00007ffde02a0000 	c:\Users\Mirado\.vscode\extensions\redhat.java-1.38.0-win32-x64\jre\17.0.13-win32-x86_64\bin\verify.dll
0x00007ffdbcd40000 - 0x00007ffdbcd85000 	C:\Users\Mirado\AppData\Roaming\Code\User\globalStorage\redhat.java\1.38.0\config_win\org.eclipse.equinox.launcher\org.eclipse.equinox.launcher.win32.win32.x86_64_1.2.1100.v20240722-2106\eclipse_11904.dll
0x00007ffe037f0000 - 0x00007ffe0391b000 	C:\WINDOWS\System32\ole32.dll
0x00007ffe02510000 - 0x00007ffe02528000 	C:\WINDOWS\SYSTEM32\CRYPTSP.dll
0x00007ffe01b80000 - 0x00007ffe01bb4000 	C:\WINDOWS\system32\rsaenh.dll
0x00007ffe02a70000 - 0x00007ffe02a9e000 	C:\WINDOWS\SYSTEM32\USERENV.dll
0x00007ffe02440000 - 0x00007ffe0244c000 	C:\WINDOWS\SYSTEM32\CRYPTBASE.dll
0x00007ffe01f60000 - 0x00007ffe01f9b000 	C:\WINDOWS\SYSTEM32\IPHLPAPI.DLL
0x00007ffe05320000 - 0x00007ffe05328000 	C:\WINDOWS\System32\NSI.dll
0x00007ffdfafe0000 - 0x00007ffdfaff7000 	C:\WINDOWS\SYSTEM32\dhcpcsvc6.DLL
0x00007ffdfb4e0000 - 0x00007ffdfb4fd000 	C:\WINDOWS\SYSTEM32\dhcpcsvc.DLL
0x00007ffe01fb0000 - 0x00007ffe0207a000 	C:\WINDOWS\SYSTEM32\DNSAPI.dll
0x00007ffdbaf00000 - 0x00007ffdbaf49000 	C:\Users\Mirado\AppData\Local\Temp\jna--1990060362\jna8710569109562857145.dll
0x00007ffe04e90000 - 0x00007ffe04e98000 	C:\WINDOWS\System32\PSAPI.DLL
0x00007ffddb570000 - 0x00007ffddb57e000 	C:\Users\Mirado\.vscode\extensions\redhat.java-1.38.0-win32-x64\jre\17.0.13-win32-x86_64\bin\sunmscapi.dll
0x00007ffe02c50000 - 0x00007ffe02dac000 	C:\WINDOWS\System32\CRYPT32.dll
0x00007ffe02620000 - 0x00007ffe02647000 	C:\WINDOWS\SYSTEM32\ncrypt.dll
0x00007ffe025e0000 - 0x00007ffe0261b000 	C:\WINDOWS\SYSTEM32\NTASN1.dll
0x00007ffdcc2d0000 - 0x00007ffdcc2d7000 	C:\WINDOWS\system32\wshunix.dll
0x00007ffde99b0000 - 0x00007ffde99b9000 	C:\Users\Mirado\.vscode\extensions\redhat.java-1.38.0-win32-x64\jre\17.0.13-win32-x86_64\bin\extnet.dll
0x00000000505a0000 - 0x00000000505c6000 	C:\Program Files\Bonjour\mdnsNSP.dll
0x00007ffdf92a0000 - 0x00007ffdf92aa000 	C:\Windows\System32\rasadhlp.dll
0x00007ffdfb500000 - 0x00007ffdfb580000 	C:\WINDOWS\System32\fwpuclnt.dll

dbghelp: loaded successfully - version: 4.0.5 - missing functions: none
symbol engine: initialized successfully - sym options: 0x614 - pdb path: .;c:\Users\Mirado\.vscode\extensions\redhat.java-1.38.0-win32-x64\jre\17.0.13-win32-x86_64\bin;C:\WINDOWS\SYSTEM32;C:\WINDOWS\WinSxS\amd64_microsoft.windows.common-controls_6595b64144ccf1df_6.0.19041.4355_none_60b8b9eb71f62e16;c:\Users\Mirado\.vscode\extensions\redhat.java-1.38.0-win32-x64\jre\17.0.13-win32-x86_64\bin\server;C:\Users\Mirado\AppData\Roaming\Code\User\globalStorage\redhat.java\1.38.0\config_win\org.eclipse.equinox.launcher\org.eclipse.equinox.launcher.win32.win32.x86_64_1.2.1100.v20240722-2106;C:\Users\Mirado\AppData\Local\Temp\jna--1990060362;C:\Program Files\Bonjour

VM Arguments:
jvm_args: --add-modules=ALL-SYSTEM --add-opens=java.base/java.util=ALL-UNNAMED --add-opens=java.base/java.lang=ALL-UNNAMED --add-opens=java.base/sun.nio.fs=ALL-UNNAMED -Declipse.application=org.eclipse.jdt.ls.core.id1 -Dosgi.bundles.defaultStartLevel=4 -Declipse.product=org.eclipse.jdt.ls.core.product -Djava.import.generatesMetadataFilesAtProjectRoot=false -DDetectVMInstallationsJob.disabled=true -Dfile.encoding=utf8 -XX:+UseParallelGC -XX:GCTimeRatio=4 -XX:AdaptiveSizePolicyWeight=90 -Dsun.zip.disableMemoryMapping=true -Xmx1G -Xms100m -Xlog:disable -javaagent:c:\Users\Mirado\.vscode\extensions\redhat.java-1.38.0-win32-x64\lombok\lombok-1.18.34.jar -XX:+HeapDumpOnOutOfMemoryError -XX:HeapDumpPath=c:\Users\Mirado\AppData\Roaming\Code\User\workspaceStorage\eafd14252731021238e37bbb081f23dd\redhat.java -Daether.dependencyCollector.impl=bf 
java_command: c:\Users\Mirado\.vscode\extensions\redhat.java-1.38.0-win32-x64\server\plugins\org.eclipse.equinox.launcher_1.6.900.v20240613-2009.jar -configuration c:\Users\Mirado\AppData\Roaming\Code\User\globalStorage\redhat.java\1.38.0\config_win -data c:\Users\Mirado\AppData\Roaming\Code\User\workspaceStorage\eafd14252731021238e37bbb081f23dd\redhat.java\jdt_ws --pipe=\\.\pipe\lsp-2a35e7437dcea622ab932e4d9400d2ff-sock
java_class_path (initial): c:\Users\Mirado\.vscode\extensions\redhat.java-1.38.0-win32-x64\server\plugins\org.eclipse.equinox.launcher_1.6.900.v20240613-2009.jar
Launcher Type: SUN_STANDARD

[Global flags]
    uintx AdaptiveSizePolicyWeight                 = 90                                        {product} {command line}
     intx CICompilerCount                          = 3                                         {product} {ergonomic}
    uintx GCTimeRatio                              = 4                                         {product} {command line}
     bool HeapDumpOnOutOfMemoryError               = true                                   {manageable} {command line}
    ccstr HeapDumpPath                             = c:\Users\Mirado\AppData\Roaming\Code\User\workspaceStorage\eafd14252731021238e37bbb081f23dd\redhat.java         {manageable} {command line}
   size_t InitialHeapSize                          = 104857600                                 {product} {command line}
   size_t MaxHeapSize                              = 1073741824                                {product} {command line}
   size_t MaxNewSize                               = 357564416                                 {product} {ergonomic}
   size_t MinHeapDeltaBytes                        = 524288                                    {product} {ergonomic}
   size_t MinHeapSize                              = 104857600                                 {product} {command line}
   size_t NewSize                                  = 34603008                                  {product} {ergonomic}
    uintx NonNMethodCodeHeapSize                   = 5832780                                {pd product} {ergonomic}
    uintx NonProfiledCodeHeapSize                  = 122912730                              {pd product} {ergonomic}
   size_t OldSize                                  = 70254592                                  {product} {ergonomic}
    uintx ProfiledCodeHeapSize                     = 122912730                              {pd product} {ergonomic}
    uintx ReservedCodeCacheSize                    = 251658240                              {pd product} {ergonomic}
     bool SegmentedCodeCache                       = true                                      {product} {ergonomic}
   size_t SoftMaxHeapSize                          = 1073741824                             {manageable} {ergonomic}
     bool UseCompressedClassPointers               = true                           {product lp64_product} {ergonomic}
     bool UseCompressedOops                        = true                           {product lp64_product} {ergonomic}
     bool UseLargePagesIndividualAllocation        = false                                  {pd product} {ergonomic}
     bool UseParallelGC                            = true                                      {product} {command line}

Logging:
Log output configuration:
 #0: stdout all=off uptime,level,tags
 #1: stderr all=off uptime,level,tags

Environment Variables:
JAVA_HOME=C:\Program Files\Java\jdk1.8.0_201
CLASSPATH=.;C:\JavaClassPath\postgresql-42.6.0.jar;
PATH=C:\app\Mirado\product\11.2.0\dbhome_1\bin;C:\Program Files (x86)\Common Files\Intel\Shared Libraries\redist\intel64\compiler;C:\WINDOWS\system32;C:\WINDOWS;C:\WINDOWS\System32\Wbem;C:\WINDOWS\System32\WindowsPowerShell\v1.0\;C:\WINDOWS\System32\OpenSSH\;C:\Program Files\Microsoft VS Code\bin;C:\Program Files (x86)\NVIDIA Corporation\PhysX\Common;C:\Program Files\NVIDIA Corporation\NVIDIA NvDLISR;C:\Program Files\gnuplot\bin;C:\Program Files (x86)\Microsoft SQL Server\160\Tools\Binn\;C:\Program Files\Microsoft SQL Server\160\Tools\Binn\;C:\Program Files\Microsoft SQL Server\Client SDK\ODBC\170\Tools\Binn\;C:\Program Files\Microsoft SQL Server\160\DTS\Binn\;C:\Program Files (x86)\Microsoft SQL Server\160\DTS\Binn\;C:\Program Files\Azure Data Studio\bin;C:\MinGW\bin;C:\Program Files\dotnet\;C:\Program Files\Microsoft SQL Server\150\Tools\Binn\;C:\Strawberry\c\bin;C:\Strawberry\perl\site\bin;C:\Strawberry\perl\bin;C:\Program Files\Java\jdk-21\bin;C:\Program Files\Apache\maven\bin;C:\Program Files\nodejs\;C:\Users\Mirado\Documents\apache-ant-1.10.15\bin;C:\Program Files\Java\jdk1.8.0_201\bin;C:\Program Files\Docker\Docker\resources\bin;C:\Program Files\Git\cmd;C:\Program Files\MongoDB\Server\7.0\bin;C:\Users\Mirado\Documents\mongosh-2.3.8-win32-x64\bin;C:\Users\Mirado\AppData\Local\activestate\cache\bin;C:\Users\Mirado\AppData\Local\ActiveState\StateTool\release\bin;C:\Users\Mirado\AppData\Local\Programs\Python\Python312\Scripts\;C:\Users\Mirado\AppData\Local\Programs\Python\Python312\;C:\Users\Mirado\AppData\Local\Microsoft\WindowsApps;C:\Users\Mirado\AppData\Local\GitHubDesktop\bin;C:\Program Files\Azure Data Studio\bin;C:\Users\Mirado\AppData\Local\Muse Hub\lib;C:\Users\Mirado\AppData\Roaming\npm;C:\Users\Mirado\.dotnet\tools
USERNAME=Mirado
OS=Windows_NT
PROCESSOR_IDENTIFIER=Intel64 Family 6 Model 60 Stepping 3, GenuineIntel
TMP=C:\Users\Mirado\AppData\Local\Temp
TEMP=C:\Users\Mirado\AppData\Local\Temp



Periodic native trim disabled


---------------  S Y S T E M  ---------------

OS:
 Windows 10 , 64 bit Build 19041 (10.0.19041.5198)
OS uptime: 0 days 3:19 hours
Hyper-V role detected

CPU: total 4 (initial active 4) (2 cores per cpu, 2 threads per core) family 6 model 60 stepping 3 microcode 0x27, cx8, cmov, fxsr, ht, mmx, sse, sse2, sse3, ssse3, sse4.1, sse4.2, popcnt, lzcnt, tsc, tscinvbit, avx, avx2, aes, erms, clmul, bmi1, bmi2, fma, vzeroupper, clflush, hv
Processor Information for all 4 processors :
  Max Mhz: 2794, Current Mhz: 2794, Mhz Limit: 2794

Memory: 4k page, system-wide physical 8080M (453M free)
TotalPageFile size 18230M (AvailPageFile size 2595M)
current process WorkingSet (physical memory assigned to process): 372M, peak: 444M
current process commit charge ("private bytes"): 460M, peak: 473M

vm_info: OpenJDK 64-Bit Server VM (17.0.13+11) for windows-amd64 JRE (17.0.13+11), built on Oct 16 2024 00:10:08 by "admin" with MS VC++ 17.7 (VS2022)

END.
